2025-09-29 23:56:20,771 P1655 [INFO] ************************************************************
2025-09-29 23:56:20,771 P1655 [INFO] ConfigSet _OnInstanceBoot
2025-09-29 23:56:20,773 P1655 [INFO] ++++++++++++++++++++++++++++++++++++++++++++++++++++++++++++
2025-09-29 23:56:20,773 P1655 [INFO] Config AWSEBBaseConfig
2025-09-29 23:56:20,972 P1655 [INFO] ============================================================
2025-09-29 23:56:20,972 P1655 [INFO] Command clearbackupfiles
2025-09-29 23:56:20,983 P1655 [INFO] Completed successfully.
2025-09-29 23:56:20,987 P1655 [INFO] ++++++++++++++++++++++++++++++++++++++++++++++++++++++++++++
2025-09-29 23:56:20,987 P1655 [INFO] Config AWSEBCfnHupEndpointOverride
2025-09-29 23:56:20,987 P1655 [INFO] ============================================================
2025-09-29 23:56:20,988 P1655 [INFO] Command clearbackupfiles
2025-09-29 23:56:20,991 P1655 [INFO] Completed successfully.
2025-09-29 23:58:56,608 P1921 [INFO] ************************************************************
2025-09-29 23:58:56,608 P1921 [INFO] ConfigSet Infra-EmbeddedPreBuild
2025-09-29 23:58:59,128 P2093 [INFO] ************************************************************
2025-09-29 23:58:59,129 P2093 [INFO] ConfigSet Infra-EmbeddedPostBuild
2025-09-30 00:13:18,211 P3417 [INFO] ************************************************************
2025-09-30 00:13:18,211 P3417 [INFO] ConfigSet Infra-EmbeddedPreBuild
2025-09-30 00:13:35,397 P3663 [INFO] ************************************************************
2025-09-30 00:13:35,397 P3663 [INFO] ConfigSet Infra-EmbeddedPostBuild
2025-09-30 00:13:35,399 P3663 [INFO] ++++++++++++++++++++++++++++++++++++++++++++++++++++++++++++
2025-09-30 00:13:35,399 P3663 [INFO] Config postbuild_0_djangopoll
2025-09-30 00:13:35,409 P3663 [INFO] ============================================================
2025-09-30 00:13:35,409 P3663 [INFO] Test for Command 01_migrate
2025-09-30 00:13:35,413 P3663 [INFO] Completed successfully.
2025-09-30 00:13:35,413 P3663 [INFO] ============================================================
2025-09-30 00:13:35,414 P3663 [INFO] Command 01_migrate
2025-09-30 00:13:35,939 P3663 [INFO] -----------------------Command Output-----------------------
2025-09-30 00:13:35,939 P3663 [INFO] 	Operations to perform:
2025-09-30 00:13:35,939 P3663 [INFO] 	  Apply all migrations: admin, auth, contenttypes, polls, sessions
2025-09-30 00:13:35,939 P3663 [INFO] 	Running migrations:
2025-09-30 00:13:35,939 P3663 [INFO] 	  No migrations to apply.
2025-09-30 00:13:35,939 P3663 [INFO] ------------------------------------------------------------
2025-09-30 00:13:35,939 P3663 [INFO] Completed successfully.
2025-09-30 00:13:35,948 P3663 [INFO] ============================================================
2025-09-30 00:13:35,948 P3663 [INFO] Test for Command 02_collectstatic
2025-09-30 00:13:35,952 P3663 [INFO] Completed successfully.
2025-09-30 00:13:35,952 P3663 [INFO] ============================================================
2025-09-30 00:13:35,952 P3663 [INFO] Command 02_collectstatic
2025-09-30 00:13:36,323 P3663 [INFO] -----------------------Command Output-----------------------
2025-09-30 00:13:36,324 P3663 [INFO] 	
2025-09-30 00:13:36,324 P3663 [INFO] 	127 static files copied to '/var/app/staging/staticfiles'.
2025-09-30 00:13:36,324 P3663 [INFO] ------------------------------------------------------------
2025-09-30 00:13:36,324 P3663 [INFO] Completed successfully.
