2025-09-29 23:56:24,097 [DEBUG] CloudFormation client initialized with endpoint https://cloudformation.us-east-1.amazonaws.com
2025-09-29 23:56:24,098 [DEBUG] SQS client initialized with endpoint https://sqs.us-east-1.amazonaws.com
2025-09-29 23:56:24,098 [DEBUG] CloudFormation client initialized with endpoint https://cloudformation.us-east-1.amazonaws.com
2025-09-29 23:56:24,098 [DEBUG] Enabled single threading mode.
2025-09-29 23:56:24,098 [DEBUG] Creating /var/lib/cfn-hup/data
2025-09-29 23:56:24,116 [INFO] No umask value specified in config file. Using the default one: 0o22
2025-09-29 23:56:24,166 [INFO] Pid: 1785
2025-09-29 23:56:24,526 [INFO] Refreshing listener credentials
2025-09-29 23:56:24,609 [INFO] Scheduling next credential refresh in 1800.0 seconds
2025-09-29 23:58:55,245 [INFO] Received command ElasticBeanstalkCommand-AWSEBAutoScalingGroup (invocation id: 95dbc4f4-f624-4b9a-ae9a-703ec06419de)
2025-09-29 23:58:55,245 [INFO] Running action for aws-eb-command-handler
2025-09-29 23:59:15,710 [INFO] Action for aws-eb-command-handler succeeded, returning SUCCESS
2025-09-30 00:01:35,976 [INFO] command processing is alive.
2025-09-30 00:02:10,951 [INFO] Received command ElasticBeanstalkCommand-AWSEBAutoScalingGroup (invocation id: 74b45036-72e6-471b-b39f-e63b168fa572)
2025-09-30 00:02:10,951 [INFO] Running action for aws-eb-command-handler
2025-09-30 00:02:11,674 [INFO] Action for aws-eb-command-handler succeeded, returning SUCCESS
2025-09-30 00:06:52,155 [INFO] command processing is alive.
2025-09-30 00:11:52,592 [INFO] command processing is alive.
2025-09-30 00:12:06,201 [INFO] Received command ElasticBeanstalkCommand-AWSEBAutoScalingGroup (invocation id: 3335bdc1-c092-4283-b242-4a9524b74c22)
2025-09-30 00:12:06,201 [INFO] Running action for aws-eb-command-handler
2025-09-30 00:12:12,273 [INFO] Action for aws-eb-command-handler succeeded, returning SUCCESS
2025-09-30 00:13:16,920 [INFO] Received command ElasticBeanstalkCommand-AWSEBAutoScalingGroup (invocation id: 351669b7-3d26-4844-bd66-87c93ea16bdc)
2025-09-30 00:13:16,920 [INFO] Running action for aws-eb-command-handler
2025-09-30 00:13:39,200 [INFO] Action for aws-eb-command-handler succeeded, returning SUCCESS
2025-09-30 00:15:57,278 [INFO] Received command ElasticBeanstalkCommand-AWSEBAutoScalingGroup (invocation id: 36efe249-150d-4ac3-844e-f2b6ae5be2e6)
2025-09-30 00:15:57,278 [INFO] Running action for aws-eb-command-handler
